<?xml version="1.0" encoding="UTF-8"?>
<testsuite xmlns:xsi="http://www.w3.org/2001/XMLSchema-instance" xsi:noNamespaceSchemaLocation="https://maven.apache.org/surefire/maven-surefire-plugin/xsd/surefire-test-report.xsd" version="3.0.2" name="com.inn.proxmox_vnc_api.ProxmoxVncApiApplicationTests" time="1.651" tests="1" errors="0" skipped="0" failures="0">
  <properties>
[...]
</properties>
  <testcase name="contextLoads" classname="com.inn.proxmox_vnc_api.ProxmoxVncApiApplicationTests" time="0.48">
    <system-out><![CDATA[12:26:08.404 [main] INFO org.springframework.test.context.support.AnnotationConfigContextLoaderUtils -- Could not detect default configuration classes for test class [com.inn.proxmox_vnc_api.ProxmoxVncApiApplicationTests]: ProxmoxVncApiApplicationTests does not declare any static, non-private, non-final, nested classes annotated with @Configuration.
12:26:08.464 [main] INFO org.springframework.boot.test.context.SpringBootTestContextBootstrapper -- Found @SpringBootConfiguration com.inn.proxmox_vnc_api.ProxmoxVncApiApplication for test class com.inn.proxmox_vnc_api.ProxmoxVncApiApplicationTests

  .   ____          _            __ _ _
 /\\ / ___'_ __ _ _(_)_ __  __ _ \ \ \ \
( ( )\___ | '_ | '_| | '_ \/ _` | \ \ \ \
 \\/  ___)| |_)| | | | | || (_| |  ) ) ) )
  '  |____| .__|_| |_|_| |_\__, | / / / /
 =========|_|==============|___/=/_/_/_/

 :: Spring Boot ::                (v3.4.5)

2025-05-22T12:26:08.697+05:30  INFO 14742 --- [proxmox-vnc-api] [           main] c.i.p.ProxmoxVncApiApplicationTests      : Starting ProxmoxVncApiApplicationTests using Java 17.0.15 with PID 14742 (started by innuser003 in /home/innuser003/Desktop/proxmox-api/proxmox-vnc-api)
2025-05-22T12:26:08.698+05:30  INFO 14742 --- [proxmox-vnc-api] [           main] c.i.p.ProxmoxVncApiApplicationTests      : No active profile set, falling back to 1 default profile: "default"
2025-05-22T12:26:08.721+05:30 DEBUG 14742 --- [proxmox-vnc-api] [           main] o.s.w.c.s.GenericWebApplicationContext   : Refreshing org.springframework.web.context.support.GenericWebApplicationContext@3a0807b7
2025-05-22T12:26:09.271+05:30  INFO 14742 --- [proxmox-vnc-api] [           main] o.s.b.a.w.s.WelcomePageHandlerMapping    : Adding welcome page: class path resource [static/index.html]
2025-05-22T12:26:09.327+05:30 DEBUG 14742 --- [proxmox-vnc-api] [           main] s.w.s.m.m.a.RequestMappingHandlerMapping : 5 mappings in 'requestMappingHandlerMapping'
2025-05-22T12:26:09.386+05:30 DEBUG 14742 --- [proxmox-vnc-api] [           main] o.s.w.s.handler.SimpleUrlHandlerMapping  : Patterns [/webjars/**, /**] in 'resourceHandlerMapping'
2025-05-22T12:26:09.406+05:30 DEBUG 14742 --- [proxmox-vnc-api] [           main] s.w.s.m.m.a.RequestMappingHandlerAdapter : ControllerAdvice beans: 0 @ModelAttribute, 0 @InitBinder, 1 RequestBodyAdvice, 1 ResponseBodyAdvice
2025-05-22T12:26:09.435+05:30 DEBUG 14742 --- [proxmox-vnc-api] [           main] .m.m.a.ExceptionHandlerExceptionResolver : ControllerAdvice beans: 0 @ExceptionHandler, 1 ResponseBodyAdvice
2025-05-22T12:26:09.486+05:30  INFO 14742 --- [proxmox-vnc-api] [           main] c.i.p.ProxmoxVncApiApplicationTests      : Started ProxmoxVncApiApplicationTests in 0.95 seconds (process running for 1.429)
]]></system-out>
  </testcase>
</testsuite>